<?xml version="1.0" encoding="UTF-8"?>
<testsuite xmlns:xsi="http://www.w3.org/2001/XMLSchema-instance" xsi:noNamespaceSchemaLocation="https://maven.apache.org/surefire/maven-surefire-plugin/xsd/surefire-test-report.xsd" name="SpindleMorphometryTest" time="0.002" tests="0" errors="0" skipped="0" failures="0">
  <properties>
    <property name="gopherProxySet" value="false"/>
    <property name="awt.toolkit" value="sun.lwawt.macosx.LWCToolkit"/>
    <property name="file.encoding.pkg" value="sun.io"/>
    <property name="java.specification.version" value="1.8"/>
    <property name="sun.cpu.isalist" value=""/>
    <property name="sun.jnu.encoding" value="UTF-8"/>
    <property name="java.class.path" value="/Users/tischer/Documents/fiji-plugin-morphometry/target/test-classes:/Users/tischer/Documents/fiji-plugin-morphometry/target/classes:/Users/tischer/.m2/repository/net/imagej/imagej-legacy/0.33.0/imagej-legacy-0.33.0.jar:/Users/tischer/.m2/repository/io/scif/scifio/0.37.0/scifio-0.37.0.jar:/Users/tischer/.m2/repository/io/scif/scifio-jai-imageio/1.1.1/scifio-jai-imageio-1.1.1.jar:/Users/tischer/.m2/repository/net/imagej/ij1-patcher/0.12.9/ij1-patcher-0.12.9.jar:/Users/tischer/.m2/repository/net/imagej/imagej-deprecated/0.1.2/imagej-deprecated-0.1.2.jar:/Users/tischer/.m2/repository/net/imglib2/imglib2-ij/2.0.0-beta-42/imglib2-ij-2.0.0-beta-42.jar:/Users/tischer/.m2/repository/net/imglib2/imglib2-roi/0.5.2/imglib2-roi-0.5.2.jar:/Users/tischer/.m2/repository/net/sf/trove4j/trove4j/3.0.3/trove4j-3.0.3.jar:/Users/tischer/.m2/repository/org/scijava/scijava-common/2.74.3/scijava-common-2.74.3.jar:/Users/tischer/.m2/repository/org/scijava/parsington/1.0.2/parsington-1.0.2.jar:/Users/tischer/.m2/repository/org/bushe/eventbus/1.4/eventbus-1.4.jar:/Users/tischer/.m2/repository/org/scijava/scijava-search/0.5.0/scijava-search-0.5.0.jar:/Users/tischer/.m2/repository/com/miglayout/miglayout/3.7.4/miglayout-3.7.4-swing.jar:/Users/tischer/.m2/repository/org/ocpsoft/prettytime/prettytime/4.0.1.Final/prettytime-4.0.1.Final.jar:/Users/tischer/.m2/repository/org/scijava/scijava-ui-awt/0.1.6/scijava-ui-awt-0.1.6.jar:/Users/tischer/.m2/repository/org/scijava/scijava-ui-swing/0.11.0/scijava-ui-swing-0.11.0.jar:/Users/tischer/.m2/repository/org/scijava/swing-checkbox-tree/1.0.2/swing-checkbox-tree-1.0.2.jar:/Users/tischer/.m2/repository/com/github/sbridges/object-inspector/object-inspector/0.1/object-inspector-0.1.jar:/Users/tischer/.m2/repository/net/sourceforge/jdatepicker/jdatepicker/1.3.2/jdatepicker-1.3.2.jar:/Users/tischer/.m2/repository/org/scijava/script-editor/0.2.0/script-editor-0.2.0.jar:/Users/tischer/.m2/repository/org/scijava/scripting-java/0.4.1/scripting-java-0.4.1.jar:/Users/tischer/.m2/repository/org/scijava/minimaven/2.2.1/minimaven-2.2.1.jar:/Users/tischer/.m2/repository/com/fifesoft/rsyntaxtextarea/2.6.1/rsyntaxtextarea-2.6.1.jar:/Users/tischer/.m2/repository/com/fifesoft/languagesupport/2.6.0/languagesupport-2.6.0.jar:/Users/tischer/.m2/repository/com/fifesoft/autocomplete/2.6.1/autocomplete-2.6.1.jar:/Users/tischer/.m2/repository/org/mozilla/rhino/1.7.6/rhino-1.7.6.jar:/Users/tischer/.m2/repository/org/scijava/batch-processor/0.1.2/batch-processor-0.1.2.jar:/Users/tischer/.m2/repository/commons-io/commons-io/2.6/commons-io-2.6.jar:/Users/tischer/.m2/repository/org/javassist/javassist/3.23.1-GA/javassist-3.23.1-GA.jar:/Users/tischer/.m2/repository/net/imagej/imagej/2.0.0-rc-68/imagej-2.0.0-rc-68.jar:/Users/tischer/.m2/repository/net/imagej/imagej-notebook/0.2.3/imagej-notebook-0.2.3.jar:/Users/tischer/.m2/repository/net/imagej/imagej-ops/0.41.1/imagej-ops-0.41.1.jar:/Users/tischer/.m2/repository/net/imagej/imagej-mesh/0.7.1/imagej-mesh-0.7.1.jar:/Users/tischer/.m2/repository/net/imglib2/imglib2-algorithm/0.9.0/imglib2-algorithm-0.9.0.jar:/Users/tischer/.m2/repository/org/ojalgo/ojalgo/45.1.1/ojalgo-45.1.1.jar:/Users/tischer/.m2/repository/net/imglib2/imglib2-algorithm-fft/0.2.0/imglib2-algorithm-fft-0.2.0.jar:/Users/tischer/.m2/repository/edu/mines/mines-jtk/20151125/mines-jtk-20151125.jar:/Users/tischer/.m2/repository/org/scijava/scripting-javascript/0.4.4/scripting-javascript-0.4.4.jar:/Users/tischer/.m2/repository/org/apache/commons/commons-math3/3.6.1/commons-math3-3.6.1.jar:/Users/tischer/.m2/repository/net/imagej/imagej-updater/0.9.2/imagej-updater-0.9.2.jar:/Users/tischer/.m2/repository/net/imagej/imagej-plugins-commands/0.8.0/imagej-plugins-commands-0.8.0.jar:/Users/tischer/.m2/repository/net/iharder/base64/2.3.8/base64-2.3.8.jar:/Users/tischer/.m2/repository/net/imagej/imagej-plugins-tools/0.3.1/imagej-plugins-tools-0.3.1.jar:/Users/tischer/.m2/repository/net/imagej/imagej-plugins-uploader-ssh/0.3.2/imagej-plugins-uploader-ssh-0.3.2.jar:/Users/tischer/.m2/repository/com/jcraft/jsch/0.1.54/jsch-0.1.54.jar:/Users/tischer/.m2/repository/net/imagej/imagej-plugins-uploader-webdav/0.2.2/imagej-plugins-uploader-webdav-0.2.2.jar:/Users/tischer/.m2/repository/net/imagej/imagej-scripting/0.8.2/imagej-scripting-0.8.2.jar:/Users/tischer/.m2/repository/org/scijava/scripting-beanshell/0.3.3/scripting-beanshell-0.3.3.jar:/Users/tischer/.m2/repository/org/apache-extras/beanshell/bsh/2.0b6/bsh-2.0b6.jar:/Users/tischer/.m2/repository/org/scijava/scripting-clojure/0.1.6/scripting-clojure-0.1.6.jar:/Users/tischer/.m2/repository/org/clojure/clojure/1.8.0/clojure-1.8.0.jar:/Users/tischer/.m2/repository/org/scijava/scripting-groovy/0.2.7/scripting-groovy-0.2.7.jar:/Users/tischer/.m2/repository/org/codehaus/groovy/groovy/2.4.8/groovy-2.4.8.jar:/Users/tischer/.m2/repository/org/apache/ivy/ivy/2.4.0/ivy-2.4.0.jar:/Users/tischer/.m2/repository/org/codehaus/gpars/gpars/1.2.1/gpars-1.2.1.jar:/Users/tischer/.m2/repository/org/multiverse/multiverse-core/0.7.0/multiverse-core-0.7.0.jar:/Users/tischer/.m2/repository/org/codehaus/jsr166-mirror/jsr166y/1.7.0/jsr166y-1.7.0.jar:/Users/tischer/.m2/repository/org/scijava/scripting-jruby/0.2.5/scripting-jruby-0.2.5.jar:/Users/tischer/.m2/repository/org/jruby/jruby-core/1.7.12/jruby-core-1.7.12.jar:/Users/tischer/.m2/repository/org/ow2/asm/asm/4.0/asm-4.0.jar:/Users/tischer/.m2/repository/org/ow2/asm/asm-commons/4.0/asm-commons-4.0.jar:/Users/tischer/.m2/repository/org/ow2/asm/asm-tree/4.0/asm-tree-4.0.jar:/Users/tischer/.m2/repository/org/ow2/asm/asm-analysis/4.0/asm-analysis-4.0.jar:/Users/tischer/.m2/repository/org/ow2/asm/asm-util/4.0/asm-util-4.0.jar:/Users/tischer/.m2/repository/org/jruby/joni/joni/2.1.1/joni-2.1.1.jar:/Users/tischer/.m2/repository/com/github/jnr/jnr-netdb/1.1.2/jnr-netdb-1.1.2.jar:/Users/tischer/.m2/repository/com/github/jnr/jnr-enxio/0.4/jnr-enxio-0.4.jar:/Users/tischer/.m2/repository/com/github/jnr/jnr-x86asm/1.0.2/jnr-x86asm-1.0.2.jar:/Users/tischer/.m2/repository/com/github/jnr/jnr-unixsocket/0.3/jnr-unixsocket-0.3.jar:/Users/tischer/.m2/repository/com/github/jnr/jnr-posix/3.0.1/jnr-posix-3.0.1.jar:/Users/tischer/.m2/repository/org/jruby/extras/bytelist/1.0.11/bytelist-1.0.11.jar:/Users/tischer/.m2/repository/com/github/jnr/jnr-constants/0.8.5/jnr-constants-0.8.5.jar:/Users/tischer/.m2/repository/org/jruby/jcodings/jcodings/1.0.10/jcodings-1.0.10.jar:/Users/tischer/.m2/repository/com/github/jnr/jnr-ffi/1.0.7/jnr-ffi-1.0.7.jar:/Users/tischer/.m2/repository/com/github/jnr/jffi/1.2.7/jffi-1.2.7.jar:/Users/tischer/.m2/repository/com/github/jnr/jffi/1.2.7/jffi-1.2.7-native.jar:/Users/tischer/.m2/repository/com/jcraft/jzlib/1.1.3/jzlib-1.1.3.jar:/Users/tischer/.m2/repository/com/headius/invokebinder/1.2/invokebinder-1.2.jar:/Users/tischer/.m2/repository/com/martiansoftware/nailgun-server/0.9.1/nailgun-server-0.9.1.jar:/Users/tischer/.m2/repository/org/jruby/yecht/1.0/yecht-1.0.jar:/Users/tischer/.m2/repository/com/headius/options/1.1/options-1.1.jar:/Users/tischer/.m2/repository/org/jruby/jruby-stdlib/1.7.12/jruby-stdlib-1.7.12.jar:/Users/tischer/.m2/repository/org/scijava/scripting-jython/0.4.2/scripting-jython-0.4.2.jar:/Users/tischer/.m2/repository/org/scijava/jython-shaded/2.7.1/jython-shaded-2.7.1.jar:/Users/tischer/.m2/repository/org/scijava/scripting-renjin/0.2.2/scripting-renjin-0.2.2.jar:/Users/tischer/.m2/repository/org/renjin/renjin-script-engine/0.8.1906/renjin-script-engine-0.8.1906.jar:/Users/tischer/.m2/repository/org/renjin/renjin-core/0.8.1906/renjin-core-0.8.1906.jar:/Users/tischer/.m2/repository/org/apache/commons/commons-math/2.2/commons-math-2.2.jar:/Users/tischer/.m2/repository/org/renjin/gcc-runtime/0.8.1906/gcc-runtime-0.8.1906.jar:/Users/tischer/.m2/repository/org/netlib/netlib-java/0.9.3-renjin-patched-2/netlib-java-0.9.3-renjin-patched-2.jar:/Users/tischer/.m2/repository/org/netlib/lapack/0.8/lapack-0.8.jar:/Users/tischer/.m2/repository/org/netlib/f2jutil/0.8/f2jutil-0.8.jar:/Users/tischer/.m2/repository/org/netlib/xerbla/0.8/xerbla-0.8.jar:/Users/tischer/.m2/repository/org/netlib/blas/0.8/blas-0.8.jar:/Users/tischer/.m2/repository/org/apache/commons/commons-vfs2/2.0/commons-vfs2-2.0.jar:/Users/tischer/.m2/repository/org/apache/maven/scm/maven-scm-api/1.4/maven-scm-api-1.4.jar:/Users/tischer/.m2/repository/org/codehaus/plexus/plexus-utils/1.5.6/plexus-utils-1.5.6.jar:/Users/tischer/.m2/repository/org/apache/maven/scm/maven-scm-provider-svnexe/1.4/maven-scm-provider-svnexe-1.4.jar:/Users/tischer/.m2/repository/org/apache/maven/scm/maven-scm-provider-svn-commons/1.4/maven-scm-provider-svn-commons-1.4.jar:/Users/tischer/.m2/repository/regexp/regexp/1.3/regexp-1.3.jar:/Users/tischer/.m2/repository/org/apache/commons/commons-compress/1.4.1/commons-compress-1.4.1.jar:/Users/tischer/.m2/repository/org/tukaani/xz/1.0/xz-1.0.jar:/Users/tischer/.m2/repository/edu/emory/mathcs/jtransforms/2.4/jtransforms-2.4.jar:/Users/tischer/.m2/repository/net/sf/jung/jung-api/2.0.1/jung-api-2.0.1.jar:/Users/tischer/.m2/repository/net/sourceforge/collections/collections-generic/4.01/collections-generic-4.01.jar:/Users/tischer/.m2/repository/net/sf/jung/jung-graph-impl/2.0.1/jung-graph-impl-2.0.1.jar:/Users/tischer/.m2/repository/com/sun/codemodel/codemodel/2.6/codemodel-2.6.jar:/Users/tischer/.m2/repository/org/renjin/stats/0.8.1906/stats-0.8.1906.jar:/Users/tischer/.m2/repository/org/renjin/renjin-appl/0.8.1906/renjin-appl-0.8.1906.jar:/Users/tischer/.m2/repository/org/renjin/renjin-gnur-runtime/0.8.1906/renjin-gnur-runtime-0.8.1906.jar:/Users/tischer/.m2/repository/org/renjin/methods/0.8.1906/methods-0.8.1906.jar:/Users/tischer/.m2/repository/org/renjin/datasets/0.8.1906/datasets-0.8.1906.jar:/Users/tischer/.m2/repository/org/renjin/utils/0.8.1906/utils-0.8.1906.jar:/Users/tischer/.m2/repository/org/renjin/grDevices/0.8.1906/grDevices-0.8.1906.jar:/Users/tischer/.m2/repository/org/renjin/graphics/0.8.1906/graphics-0.8.1906.jar:/Users/tischer/.m2/repository/org/scijava/scripting-scala/0.2.1/scripting-scala-0.2.1.jar:/Users/tischer/.m2/repository/org/scala-lang/scala-compiler/2.12.1/scala-compiler-2.12.1.jar:/Users/tischer/.m2/repository/org/scala-lang/scala-library/2.12.1/scala-library-2.12.1.jar:/Users/tischer/.m2/repository/org/scala-lang/scala-reflect/2.12.1/scala-reflect-2.12.1.jar:/Users/tischer/.m2/repository/org/scala-lang/modules/scala-xml_2.12/1.0.6/scala-xml_2.12-1.0.6.jar:/Users/tischer/.m2/repository/net/imagej/imagej-ui-swing/0.21.4/imagej-ui-swing-0.21.4.jar:/Users/tischer/.m2/repository/org/jfree/jfreechart/1.5.0/jfreechart-1.5.0.jar:/Users/tischer/.m2/repository/org/jhotdraw/jhotdraw/7.6.0/jhotdraw-7.6.0.jar:/Users/tischer/.m2/repository/net/imagej/imagej-ui-awt/0.3.1/imagej-ui-awt-0.3.1.jar:/Users/tischer/.m2/repository/org/scijava/scijava-plugins-commands/0.2.3/scijava-plugins-commands-0.2.3.jar:/Users/tischer/.m2/repository/org/scijava/scijava-plugins-platforms/0.3.1/scijava-plugins-platforms-0.3.1.jar:/Users/tischer/.m2/repository/org/scijava/scijava-plugins-text-markdown/0.1.3/scijava-plugins-text-markdown-0.1.3.jar:/Users/tischer/.m2/repository/org/markdownj/markdownj/0.3.0-1.0.2b4/markdownj-0.3.0-1.0.2b4.jar:/Users/tischer/.m2/repository/org/scijava/scijava-plugins-text-plain/0.1.3/scijava-plugins-text-plain-0.1.3.jar:/Users/tischer/.m2/repository/org/apache/commons/commons-lang3/3.7/commons-lang3-3.7.jar:/Users/tischer/.m2/repository/net/imagej/imagej-common/0.26.1/imagej-common-0.26.1.jar:/Users/tischer/.m2/repository/edu/ucar/udunits/4.3.18/udunits-4.3.18.jar:/Users/tischer/.m2/repository/net/imagej/ij/1.52d/ij-1.52d.jar:/Users/tischer/.m2/repository/net/imglib2/imglib2/5.3.0/imglib2-5.3.0.jar:/Users/tischer/.m2/repository/ome/bio-formats_plugins/5.9.0/bio-formats_plugins-5.9.0.jar:/Users/tischer/.m2/repository/org/openmicroscopy/ome-common/5.3.5/ome-common-5.3.5.jar:/Users/tischer/.m2/repository/com/esotericsoftware/kryo/kryo/2.24.0/kryo-2.24.0.jar:/Users/tischer/.m2/repository/com/esotericsoftware/minlog/minlog/1.2/minlog-1.2.jar:/Users/tischer/.m2/repository/org/objenesis/objenesis/2.1/objenesis-2.1.jar:/Users/tischer/.m2/repository/joda-time/joda-time/2.10/joda-time-2.10.jar:/Users/tischer/.m2/repository/com/google/guava/guava/21.0/guava-21.0.jar:/Users/tischer/.m2/repository/org/openmicroscopy/ome-xml/5.6.3/ome-xml-5.6.3.jar:/Users/tischer/.m2/repository/ome/formats-api/5.9.0/formats-api-5.9.0.jar:/Users/tischer/.m2/repository/org/openmicroscopy/ome-codecs/0.2.0/ome-codecs-0.2.0.jar:/Users/tischer/.m2/repository/org/openmicroscopy/ome-jai/0.1.0/ome-jai-0.1.0.jar:/Users/tischer/.m2/repository/ome/formats-bsd/5.9.0/formats-bsd-5.9.0.jar:/Users/tischer/.m2/repository/org/openmicroscopy/specification/5.5.4/specification-5.5.4.jar:/Users/tischer/.m2/repository/ome/turbojpeg/5.9.0/turbojpeg-5.9.0.jar:/Users/tischer/.m2/repository/org/scijava/native-lib-loader/2.2.0/native-lib-loader-2.2.0.jar:/Users/tischer/.m2/repository/org/perf4j/perf4j/0.9.13/perf4j-0.9.13.jar:/Users/tischer/.m2/repository/com/drewnoakes/metadata-extractor/2.6.2/metadata-extractor-2.6.2.jar:/Users/tischer/.m2/repository/com/adobe/xmp/xmpcore/5.1.2/xmpcore-5.1.2.jar:/Users/tischer/.m2/repository/xerces/xercesImpl/2.8.1/xercesImpl-2.8.1.jar:/Users/tischer/.m2/repository/ome/formats-gpl/5.9.0/formats-gpl-5.9.0.jar:/Users/tischer/.m2/repository/org/openmicroscopy/ome-mdbtools/5.3.0/ome-mdbtools-5.3.0.jar:/Users/tischer/.m2/repository/org/openmicroscopy/metakit/5.3.1/metakit-5.3.1.jar:/Users/tischer/.m2/repository/org/openmicroscopy/ome-poi/5.3.2/ome-poi-5.3.2.jar:/Users/tischer/.m2/repository/commons-logging/commons-logging/1.2/commons-logging-1.2.jar:/Users/tischer/.m2/repository/ome/jxrlib-all/0.2.1/jxrlib-all-0.2.1.jar:/Users/tischer/.m2/repository/edu/ucar/netcdf/4.3.22/netcdf-4.3.22.jar:/Users/tischer/.m2/repository/woolz/JWlz/1.4.0/JWlz-1.4.0.jar:/Users/tischer/.m2/repository/ch/systems/cisd/jhdf5/14.12.0/jhdf5-14.12.0.jar:/Users/tischer/.m2/repository/org/json/json/20090211/json-20090211.jar:/Users/tischer/.m2/repository/com/jgoodies/jgoodies-forms/1.7.2/jgoodies-forms-1.7.2.jar:/Users/tischer/.m2/repository/com/jgoodies/jgoodies-common/1.7.0/jgoodies-common-1.7.0.jar:/Users/tischer/.m2/repository/org/slf4j/slf4j-api/1.7.25/slf4j-api-1.7.25.jar:/Users/tischer/.m2/repository/ch/qos/logback/logback-core/1.2.3/logback-core-1.2.3.jar:/Users/tischer/.m2/repository/ch/qos/logback/logback-classic/1.2.3/logback-classic-1.2.3.jar:/Users/tischer/.m2/repository/sc/fiji/bigdataviewer-vistools/1.0.0-beta-11/bigdataviewer-vistools-1.0.0-beta-11.jar:/Users/tischer/.m2/repository/sc/fiji/bigdataviewer-core/5.0.0/bigdataviewer-core-5.0.0.jar:/Users/tischer/.m2/repository/sc/fiji/spim_data/2.2.1/spim_data-2.2.1.jar:/Users/tischer/.m2/repository/cisd/jhdf5/14.12.6/jhdf5-14.12.6.jar:/Users/tischer/.m2/repository/commons-lang/commons-lang/2.6/commons-lang-2.6.jar:/Users/tischer/.m2/repository/org/jdom/jdom2/2.0.6/jdom2-2.0.6.jar:/Users/tischer/.m2/repository/com/google/code/gson/gson/2.8.5/gson-2.8.5.jar:/Users/tischer/.m2/repository/net/imglib2/imglib2-cache/1.0.0-beta-9/imglib2-cache-1.0.0-beta-9.jar:/Users/tischer/.m2/repository/com/github/ben-manes/caffeine/caffeine/2.4.0/caffeine-2.4.0.jar:/Users/tischer/.m2/repository/net/imglib2/imglib2-realtransform/2.0.0/imglib2-realtransform-2.0.0.jar:/Users/tischer/.m2/repository/jitk/jitk-tps/3.0.0/jitk-tps-3.0.0.jar:/Users/tischer/.m2/repository/com/googlecode/efficient-java-matrix-library/ejml/0.24/ejml-0.24.jar:/Users/tischer/.m2/repository/log4j/log4j/1.2.17/log4j-1.2.17.jar:/Users/tischer/.m2/repository/net/imglib2/imglib2-ui/2.0.0/imglib2-ui-2.0.0.jar:/Users/tischer/.m2/repository/org/scijava/ui-behaviour/1.7.3/ui-behaviour-1.7.3.jar:/Users/tischer/.m2/repository/org/yaml/snakeyaml/1.13/snakeyaml-1.13.jar:/Users/tischer/.m2/repository/gov/nist/math/jama/1.0.3/jama-1.0.3.jar:"/>
    <property name="java.vm.vendor" value="Oracle Corporation"/>
    <property name="sun.arch.data.model" value="64"/>
    <property name="java.vendor.url" value="http://java.oracle.com/"/>
    <property name="user.timezone" value=""/>
    <property name="java.vm.specification.version" value="1.8"/>
    <property name="os.name" value="Mac OS X"/>
    <property name="user.country" value="DE"/>
    <property name="sun.java.launcher" value="SUN_STANDARD"/>
    <property name="sun.boot.library.path" value="/Library/Java/JavaVirtualMachines/jdk1.8.0_161.jdk/Contents/Home/jre/lib"/>
    <property name="sun.java.command" value="/Users/tischer/Documents/fiji-plugin-morphometry/target/surefire/surefirebooter5052057100749732490.jar /Users/tischer/Documents/fiji-plugin-morphometry/target/surefire 2018-09-12T17-02-44_921-jvmRun1 surefire7836045913343343635tmp surefire_09052234786751801766tmp"/>
    <property name="http.nonProxyHosts" value="local|*.local|169.254/16|*.169.254/16"/>
    <property name="surefire.test.class.path" value="/Users/tischer/Documents/fiji-plugin-morphometry/target/test-classes:/Users/tischer/Documents/fiji-plugin-morphometry/target/classes:/Users/tischer/.m2/repository/net/imagej/imagej-legacy/0.33.0/imagej-legacy-0.33.0.jar:/Users/tischer/.m2/repository/io/scif/scifio/0.37.0/scifio-0.37.0.jar:/Users/tischer/.m2/repository/io/scif/scifio-jai-imageio/1.1.1/scifio-jai-imageio-1.1.1.jar:/Users/tischer/.m2/repository/net/imagej/ij1-patcher/0.12.9/ij1-patcher-0.12.9.jar:/Users/tischer/.m2/repository/net/imagej/imagej-deprecated/0.1.2/imagej-deprecated-0.1.2.jar:/Users/tischer/.m2/repository/net/imglib2/imglib2-ij/2.0.0-beta-42/imglib2-ij-2.0.0-beta-42.jar:/Users/tischer/.m2/repository/net/imglib2/imglib2-roi/0.5.2/imglib2-roi-0.5.2.jar:/Users/tischer/.m2/repository/net/sf/trove4j/trove4j/3.0.3/trove4j-3.0.3.jar:/Users/tischer/.m2/repository/org/scijava/scijava-common/2.74.3/scijava-common-2.74.3.jar:/Users/tischer/.m2/repository/org/scijava/parsington/1.0.2/parsington-1.0.2.jar:/Users/tischer/.m2/repository/org/bushe/eventbus/1.4/eventbus-1.4.jar:/Users/tischer/.m2/repository/org/scijava/scijava-search/0.5.0/scijava-search-0.5.0.jar:/Users/tischer/.m2/repository/com/miglayout/miglayout/3.7.4/miglayout-3.7.4-swing.jar:/Users/tischer/.m2/repository/org/ocpsoft/prettytime/prettytime/4.0.1.Final/prettytime-4.0.1.Final.jar:/Users/tischer/.m2/repository/org/scijava/scijava-ui-awt/0.1.6/scijava-ui-awt-0.1.6.jar:/Users/tischer/.m2/repository/org/scijava/scijava-ui-swing/0.11.0/scijava-ui-swing-0.11.0.jar:/Users/tischer/.m2/repository/org/scijava/swing-checkbox-tree/1.0.2/swing-checkbox-tree-1.0.2.jar:/Users/tischer/.m2/repository/com/github/sbridges/object-inspector/object-inspector/0.1/object-inspector-0.1.jar:/Users/tischer/.m2/repository/net/sourceforge/jdatepicker/jdatepicker/1.3.2/jdatepicker-1.3.2.jar:/Users/tischer/.m2/repository/org/scijava/script-editor/0.2.0/script-editor-0.2.0.jar:/Users/tischer/.m2/repository/org/scijava/scripting-java/0.4.1/scripting-java-0.4.1.jar:/Users/tischer/.m2/repository/org/scijava/minimaven/2.2.1/minimaven-2.2.1.jar:/Users/tischer/.m2/repository/com/fifesoft/rsyntaxtextarea/2.6.1/rsyntaxtextarea-2.6.1.jar:/Users/tischer/.m2/repository/com/fifesoft/languagesupport/2.6.0/languagesupport-2.6.0.jar:/Users/tischer/.m2/repository/com/fifesoft/autocomplete/2.6.1/autocomplete-2.6.1.jar:/Users/tischer/.m2/repository/org/mozilla/rhino/1.7.6/rhino-1.7.6.jar:/Users/tischer/.m2/repository/org/scijava/batch-processor/0.1.2/batch-processor-0.1.2.jar:/Users/tischer/.m2/repository/commons-io/commons-io/2.6/commons-io-2.6.jar:/Users/tischer/.m2/repository/org/javassist/javassist/3.23.1-GA/javassist-3.23.1-GA.jar:/Users/tischer/.m2/repository/net/imagej/imagej/2.0.0-rc-68/imagej-2.0.0-rc-68.jar:/Users/tischer/.m2/repository/net/imagej/imagej-notebook/0.2.3/imagej-notebook-0.2.3.jar:/Users/tischer/.m2/repository/net/imagej/imagej-ops/0.41.1/imagej-ops-0.41.1.jar:/Users/tischer/.m2/repository/net/imagej/imagej-mesh/0.7.1/imagej-mesh-0.7.1.jar:/Users/tischer/.m2/repository/net/imglib2/imglib2-algorithm/0.9.0/imglib2-algorithm-0.9.0.jar:/Users/tischer/.m2/repository/org/ojalgo/ojalgo/45.1.1/ojalgo-45.1.1.jar:/Users/tischer/.m2/repository/net/imglib2/imglib2-algorithm-fft/0.2.0/imglib2-algorithm-fft-0.2.0.jar:/Users/tischer/.m2/repository/edu/mines/mines-jtk/20151125/mines-jtk-20151125.jar:/Users/tischer/.m2/repository/org/scijava/scripting-javascript/0.4.4/scripting-javascript-0.4.4.jar:/Users/tischer/.m2/repository/org/apache/commons/commons-math3/3.6.1/commons-math3-3.6.1.jar:/Users/tischer/.m2/repository/net/imagej/imagej-updater/0.9.2/imagej-updater-0.9.2.jar:/Users/tischer/.m2/repository/net/imagej/imagej-plugins-commands/0.8.0/imagej-plugins-commands-0.8.0.jar:/Users/tischer/.m2/repository/net/iharder/base64/2.3.8/base64-2.3.8.jar:/Users/tischer/.m2/repository/net/imagej/imagej-plugins-tools/0.3.1/imagej-plugins-tools-0.3.1.jar:/Users/tischer/.m2/repository/net/imagej/imagej-plugins-uploader-ssh/0.3.2/imagej-plugins-uploader-ssh-0.3.2.jar:/Users/tischer/.m2/repository/com/jcraft/jsch/0.1.54/jsch-0.1.54.jar:/Users/tischer/.m2/repository/net/imagej/imagej-plugins-uploader-webdav/0.2.2/imagej-plugins-uploader-webdav-0.2.2.jar:/Users/tischer/.m2/repository/net/imagej/imagej-scripting/0.8.2/imagej-scripting-0.8.2.jar:/Users/tischer/.m2/repository/org/scijava/scripting-beanshell/0.3.3/scripting-beanshell-0.3.3.jar:/Users/tischer/.m2/repository/org/apache-extras/beanshell/bsh/2.0b6/bsh-2.0b6.jar:/Users/tischer/.m2/repository/org/scijava/scripting-clojure/0.1.6/scripting-clojure-0.1.6.jar:/Users/tischer/.m2/repository/org/clojure/clojure/1.8.0/clojure-1.8.0.jar:/Users/tischer/.m2/repository/org/scijava/scripting-groovy/0.2.7/scripting-groovy-0.2.7.jar:/Users/tischer/.m2/repository/org/codehaus/groovy/groovy/2.4.8/groovy-2.4.8.jar:/Users/tischer/.m2/repository/org/apache/ivy/ivy/2.4.0/ivy-2.4.0.jar:/Users/tischer/.m2/repository/org/codehaus/gpars/gpars/1.2.1/gpars-1.2.1.jar:/Users/tischer/.m2/repository/org/multiverse/multiverse-core/0.7.0/multiverse-core-0.7.0.jar:/Users/tischer/.m2/repository/org/codehaus/jsr166-mirror/jsr166y/1.7.0/jsr166y-1.7.0.jar:/Users/tischer/.m2/repository/org/scijava/scripting-jruby/0.2.5/scripting-jruby-0.2.5.jar:/Users/tischer/.m2/repository/org/jruby/jruby-core/1.7.12/jruby-core-1.7.12.jar:/Users/tischer/.m2/repository/org/ow2/asm/asm/4.0/asm-4.0.jar:/Users/tischer/.m2/repository/org/ow2/asm/asm-commons/4.0/asm-commons-4.0.jar:/Users/tischer/.m2/repository/org/ow2/asm/asm-tree/4.0/asm-tree-4.0.jar:/Users/tischer/.m2/repository/org/ow2/asm/asm-analysis/4.0/asm-analysis-4.0.jar:/Users/tischer/.m2/repository/org/ow2/asm/asm-util/4.0/asm-util-4.0.jar:/Users/tischer/.m2/repository/org/jruby/joni/joni/2.1.1/joni-2.1.1.jar:/Users/tischer/.m2/repository/com/github/jnr/jnr-netdb/1.1.2/jnr-netdb-1.1.2.jar:/Users/tischer/.m2/repository/com/github/jnr/jnr-enxio/0.4/jnr-enxio-0.4.jar:/Users/tischer/.m2/repository/com/github/jnr/jnr-x86asm/1.0.2/jnr-x86asm-1.0.2.jar:/Users/tischer/.m2/repository/com/github/jnr/jnr-unixsocket/0.3/jnr-unixsocket-0.3.jar:/Users/tischer/.m2/repository/com/github/jnr/jnr-posix/3.0.1/jnr-posix-3.0.1.jar:/Users/tischer/.m2/repository/org/jruby/extras/bytelist/1.0.11/bytelist-1.0.11.jar:/Users/tischer/.m2/repository/com/github/jnr/jnr-constants/0.8.5/jnr-constants-0.8.5.jar:/Users/tischer/.m2/repository/org/jruby/jcodings/jcodings/1.0.10/jcodings-1.0.10.jar:/Users/tischer/.m2/repository/com/github/jnr/jnr-ffi/1.0.7/jnr-ffi-1.0.7.jar:/Users/tischer/.m2/repository/com/github/jnr/jffi/1.2.7/jffi-1.2.7.jar:/Users/tischer/.m2/repository/com/github/jnr/jffi/1.2.7/jffi-1.2.7-native.jar:/Users/tischer/.m2/repository/com/jcraft/jzlib/1.1.3/jzlib-1.1.3.jar:/Users/tischer/.m2/repository/com/headius/invokebinder/1.2/invokebinder-1.2.jar:/Users/tischer/.m2/repository/com/martiansoftware/nailgun-server/0.9.1/nailgun-server-0.9.1.jar:/Users/tischer/.m2/repository/org/jruby/yecht/1.0/yecht-1.0.jar:/Users/tischer/.m2/repository/com/headius/options/1.1/options-1.1.jar:/Users/tischer/.m2/repository/org/jruby/jruby-stdlib/1.7.12/jruby-stdlib-1.7.12.jar:/Users/tischer/.m2/repository/org/scijava/scripting-jython/0.4.2/scripting-jython-0.4.2.jar:/Users/tischer/.m2/repository/org/scijava/jython-shaded/2.7.1/jython-shaded-2.7.1.jar:/Users/tischer/.m2/repository/org/scijava/scripting-renjin/0.2.2/scripting-renjin-0.2.2.jar:/Users/tischer/.m2/repository/org/renjin/renjin-script-engine/0.8.1906/renjin-script-engine-0.8.1906.jar:/Users/tischer/.m2/repository/org/renjin/renjin-core/0.8.1906/renjin-core-0.8.1906.jar:/Users/tischer/.m2/repository/org/apache/commons/commons-math/2.2/commons-math-2.2.jar:/Users/tischer/.m2/repository/org/renjin/gcc-runtime/0.8.1906/gcc-runtime-0.8.1906.jar:/Users/tischer/.m2/repository/org/netlib/netlib-java/0.9.3-renjin-patched-2/netlib-java-0.9.3-renjin-patched-2.jar:/Users/tischer/.m2/repository/org/netlib/lapack/0.8/lapack-0.8.jar:/Users/tischer/.m2/repository/org/netlib/f2jutil/0.8/f2jutil-0.8.jar:/Users/tischer/.m2/repository/org/netlib/xerbla/0.8/xerbla-0.8.jar:/Users/tischer/.m2/repository/org/netlib/blas/0.8/blas-0.8.jar:/Users/tischer/.m2/repository/org/apache/commons/commons-vfs2/2.0/commons-vfs2-2.0.jar:/Users/tischer/.m2/repository/org/apache/maven/scm/maven-scm-api/1.4/maven-scm-api-1.4.jar:/Users/tischer/.m2/repository/org/codehaus/plexus/plexus-utils/1.5.6/plexus-utils-1.5.6.jar:/Users/tischer/.m2/repository/org/apache/maven/scm/maven-scm-provider-svnexe/1.4/maven-scm-provider-svnexe-1.4.jar:/Users/tischer/.m2/repository/org/apache/maven/scm/maven-scm-provider-svn-commons/1.4/maven-scm-provider-svn-commons-1.4.jar:/Users/tischer/.m2/repository/regexp/regexp/1.3/regexp-1.3.jar:/Users/tischer/.m2/repository/org/apache/commons/commons-compress/1.4.1/commons-compress-1.4.1.jar:/Users/tischer/.m2/repository/org/tukaani/xz/1.0/xz-1.0.jar:/Users/tischer/.m2/repository/edu/emory/mathcs/jtransforms/2.4/jtransforms-2.4.jar:/Users/tischer/.m2/repository/net/sf/jung/jung-api/2.0.1/jung-api-2.0.1.jar:/Users/tischer/.m2/repository/net/sourceforge/collections/collections-generic/4.01/collections-generic-4.01.jar:/Users/tischer/.m2/repository/net/sf/jung/jung-graph-impl/2.0.1/jung-graph-impl-2.0.1.jar:/Users/tischer/.m2/repository/com/sun/codemodel/codemodel/2.6/codemodel-2.6.jar:/Users/tischer/.m2/repository/org/renjin/stats/0.8.1906/stats-0.8.1906.jar:/Users/tischer/.m2/repository/org/renjin/renjin-appl/0.8.1906/renjin-appl-0.8.1906.jar:/Users/tischer/.m2/repository/org/renjin/renjin-gnur-runtime/0.8.1906/renjin-gnur-runtime-0.8.1906.jar:/Users/tischer/.m2/repository/org/renjin/methods/0.8.1906/methods-0.8.1906.jar:/Users/tischer/.m2/repository/org/renjin/datasets/0.8.1906/datasets-0.8.1906.jar:/Users/tischer/.m2/repository/org/renjin/utils/0.8.1906/utils-0.8.1906.jar:/Users/tischer/.m2/repository/org/renjin/grDevices/0.8.1906/grDevices-0.8.1906.jar:/Users/tischer/.m2/repository/org/renjin/graphics/0.8.1906/graphics-0.8.1906.jar:/Users/tischer/.m2/repository/org/scijava/scripting-scala/0.2.1/scripting-scala-0.2.1.jar:/Users/tischer/.m2/repository/org/scala-lang/scala-compiler/2.12.1/scala-compiler-2.12.1.jar:/Users/tischer/.m2/repository/org/scala-lang/scala-library/2.12.1/scala-library-2.12.1.jar:/Users/tischer/.m2/repository/org/scala-lang/scala-reflect/2.12.1/scala-reflect-2.12.1.jar:/Users/tischer/.m2/repository/org/scala-lang/modules/scala-xml_2.12/1.0.6/scala-xml_2.12-1.0.6.jar:/Users/tischer/.m2/repository/net/imagej/imagej-ui-swing/0.21.4/imagej-ui-swing-0.21.4.jar:/Users/tischer/.m2/repository/org/jfree/jfreechart/1.5.0/jfreechart-1.5.0.jar:/Users/tischer/.m2/repository/org/jhotdraw/jhotdraw/7.6.0/jhotdraw-7.6.0.jar:/Users/tischer/.m2/repository/net/imagej/imagej-ui-awt/0.3.1/imagej-ui-awt-0.3.1.jar:/Users/tischer/.m2/repository/org/scijava/scijava-plugins-commands/0.2.3/scijava-plugins-commands-0.2.3.jar:/Users/tischer/.m2/repository/org/scijava/scijava-plugins-platforms/0.3.1/scijava-plugins-platforms-0.3.1.jar:/Users/tischer/.m2/repository/org/scijava/scijava-plugins-text-markdown/0.1.3/scijava-plugins-text-markdown-0.1.3.jar:/Users/tischer/.m2/repository/org/markdownj/markdownj/0.3.0-1.0.2b4/markdownj-0.3.0-1.0.2b4.jar:/Users/tischer/.m2/repository/org/scijava/scijava-plugins-text-plain/0.1.3/scijava-plugins-text-plain-0.1.3.jar:/Users/tischer/.m2/repository/org/apache/commons/commons-lang3/3.7/commons-lang3-3.7.jar:/Users/tischer/.m2/repository/net/imagej/imagej-common/0.26.1/imagej-common-0.26.1.jar:/Users/tischer/.m2/repository/edu/ucar/udunits/4.3.18/udunits-4.3.18.jar:/Users/tischer/.m2/repository/net/imagej/ij/1.52d/ij-1.52d.jar:/Users/tischer/.m2/repository/net/imglib2/imglib2/5.3.0/imglib2-5.3.0.jar:/Users/tischer/.m2/repository/ome/bio-formats_plugins/5.9.0/bio-formats_plugins-5.9.0.jar:/Users/tischer/.m2/repository/org/openmicroscopy/ome-common/5.3.5/ome-common-5.3.5.jar:/Users/tischer/.m2/repository/com/esotericsoftware/kryo/kryo/2.24.0/kryo-2.24.0.jar:/Users/tischer/.m2/repository/com/esotericsoftware/minlog/minlog/1.2/minlog-1.2.jar:/Users/tischer/.m2/repository/org/objenesis/objenesis/2.1/objenesis-2.1.jar:/Users/tischer/.m2/repository/joda-time/joda-time/2.10/joda-time-2.10.jar:/Users/tischer/.m2/repository/com/google/guava/guava/21.0/guava-21.0.jar:/Users/tischer/.m2/repository/org/openmicroscopy/ome-xml/5.6.3/ome-xml-5.6.3.jar:/Users/tischer/.m2/repository/ome/formats-api/5.9.0/formats-api-5.9.0.jar:/Users/tischer/.m2/repository/org/openmicroscopy/ome-codecs/0.2.0/ome-codecs-0.2.0.jar:/Users/tischer/.m2/repository/org/openmicroscopy/ome-jai/0.1.0/ome-jai-0.1.0.jar:/Users/tischer/.m2/repository/ome/formats-bsd/5.9.0/formats-bsd-5.9.0.jar:/Users/tischer/.m2/repository/org/openmicroscopy/specification/5.5.4/specification-5.5.4.jar:/Users/tischer/.m2/repository/ome/turbojpeg/5.9.0/turbojpeg-5.9.0.jar:/Users/tischer/.m2/repository/org/scijava/native-lib-loader/2.2.0/native-lib-loader-2.2.0.jar:/Users/tischer/.m2/repository/org/perf4j/perf4j/0.9.13/perf4j-0.9.13.jar:/Users/tischer/.m2/repository/com/drewnoakes/metadata-extractor/2.6.2/metadata-extractor-2.6.2.jar:/Users/tischer/.m2/repository/com/adobe/xmp/xmpcore/5.1.2/xmpcore-5.1.2.jar:/Users/tischer/.m2/repository/xerces/xercesImpl/2.8.1/xercesImpl-2.8.1.jar:/Users/tischer/.m2/repository/ome/formats-gpl/5.9.0/formats-gpl-5.9.0.jar:/Users/tischer/.m2/repository/org/openmicroscopy/ome-mdbtools/5.3.0/ome-mdbtools-5.3.0.jar:/Users/tischer/.m2/repository/org/openmicroscopy/metakit/5.3.1/metakit-5.3.1.jar:/Users/tischer/.m2/repository/org/openmicroscopy/ome-poi/5.3.2/ome-poi-5.3.2.jar:/Users/tischer/.m2/repository/commons-logging/commons-logging/1.2/commons-logging-1.2.jar:/Users/tischer/.m2/repository/ome/jxrlib-all/0.2.1/jxrlib-all-0.2.1.jar:/Users/tischer/.m2/repository/edu/ucar/netcdf/4.3.22/netcdf-4.3.22.jar:/Users/tischer/.m2/repository/woolz/JWlz/1.4.0/JWlz-1.4.0.jar:/Users/tischer/.m2/repository/ch/systems/cisd/jhdf5/14.12.0/jhdf5-14.12.0.jar:/Users/tischer/.m2/repository/org/json/json/20090211/json-20090211.jar:/Users/tischer/.m2/repository/com/jgoodies/jgoodies-forms/1.7.2/jgoodies-forms-1.7.2.jar:/Users/tischer/.m2/repository/com/jgoodies/jgoodies-common/1.7.0/jgoodies-common-1.7.0.jar:/Users/tischer/.m2/repository/org/slf4j/slf4j-api/1.7.25/slf4j-api-1.7.25.jar:/Users/tischer/.m2/repository/ch/qos/logback/logback-core/1.2.3/logback-core-1.2.3.jar:/Users/tischer/.m2/repository/ch/qos/logback/logback-classic/1.2.3/logback-classic-1.2.3.jar:/Users/tischer/.m2/repository/sc/fiji/bigdataviewer-vistools/1.0.0-beta-11/bigdataviewer-vistools-1.0.0-beta-11.jar:/Users/tischer/.m2/repository/sc/fiji/bigdataviewer-core/5.0.0/bigdataviewer-core-5.0.0.jar:/Users/tischer/.m2/repository/sc/fiji/spim_data/2.2.1/spim_data-2.2.1.jar:/Users/tischer/.m2/repository/cisd/jhdf5/14.12.6/jhdf5-14.12.6.jar:/Users/tischer/.m2/repository/commons-lang/commons-lang/2.6/commons-lang-2.6.jar:/Users/tischer/.m2/repository/org/jdom/jdom2/2.0.6/jdom2-2.0.6.jar:/Users/tischer/.m2/repository/com/google/code/gson/gson/2.8.5/gson-2.8.5.jar:/Users/tischer/.m2/repository/net/imglib2/imglib2-cache/1.0.0-beta-9/imglib2-cache-1.0.0-beta-9.jar:/Users/tischer/.m2/repository/com/github/ben-manes/caffeine/caffeine/2.4.0/caffeine-2.4.0.jar:/Users/tischer/.m2/repository/net/imglib2/imglib2-realtransform/2.0.0/imglib2-realtransform-2.0.0.jar:/Users/tischer/.m2/repository/jitk/jitk-tps/3.0.0/jitk-tps-3.0.0.jar:/Users/tischer/.m2/repository/com/googlecode/efficient-java-matrix-library/ejml/0.24/ejml-0.24.jar:/Users/tischer/.m2/repository/log4j/log4j/1.2.17/log4j-1.2.17.jar:/Users/tischer/.m2/repository/net/imglib2/imglib2-ui/2.0.0/imglib2-ui-2.0.0.jar:/Users/tischer/.m2/repository/org/scijava/ui-behaviour/1.7.3/ui-behaviour-1.7.3.jar:/Users/tischer/.m2/repository/org/yaml/snakeyaml/1.13/snakeyaml-1.13.jar:/Users/tischer/.m2/repository/gov/nist/math/jama/1.0.3/jama-1.0.3.jar:"/>
    <property name="sun.cpu.endian" value="little"/>
    <property name="user.home" value="/Users/tischer"/>
    <property name="user.language" value="en"/>
    <property name="java.specification.vendor" value="Oracle Corporation"/>
    <property name="java.home" value="/Library/Java/JavaVirtualMachines/jdk1.8.0_161.jdk/Contents/Home/jre"/>
    <property name="basedir" value="/Users/tischer/Documents/fiji-plugin-morphometry"/>
    <property name="file.separator" value="/"/>
    <property name="line.separator" value="&#10;"/>
    <property name="java.vm.specification.vendor" value="Oracle Corporation"/>
    <property name="java.specification.name" value="Java Platform API Specification"/>
    <property name="java.awt.graphicsenv" value="sun.awt.CGraphicsEnvironment"/>
    <property name="surefire.real.class.path" value="/Users/tischer/Documents/fiji-plugin-morphometry/target/surefire/surefirebooter5052057100749732490.jar"/>
    <property name="sun.boot.class.path" value="/Library/Java/JavaVirtualMachines/jdk1.8.0_161.jdk/Contents/Home/jre/lib/resources.jar:/Library/Java/JavaVirtualMachines/jdk1.8.0_161.jdk/Contents/Home/jre/lib/rt.jar:/Library/Java/JavaVirtualMachines/jdk1.8.0_161.jdk/Contents/Home/jre/lib/sunrsasign.jar:/Library/Java/JavaVirtualMachines/jdk1.8.0_161.jdk/Contents/Home/jre/lib/jsse.jar:/Library/Java/JavaVirtualMachines/jdk1.8.0_161.jdk/Contents/Home/jre/lib/jce.jar:/Library/Java/JavaVirtualMachines/jdk1.8.0_161.jdk/Contents/Home/jre/lib/charsets.jar:/Library/Java/JavaVirtualMachines/jdk1.8.0_161.jdk/Contents/Home/jre/lib/jfr.jar:/Library/Java/JavaVirtualMachines/jdk1.8.0_161.jdk/Contents/Home/jre/classes"/>
    <property name="sun.management.compiler" value="HotSpot 64-Bit Tiered Compilers"/>
    <property name="ftp.nonProxyHosts" value="local|*.local|169.254/16|*.169.254/16"/>
    <property name="java.runtime.version" value="1.8.0_161-b12"/>
    <property name="user.name" value="tischer"/>
    <property name="path.separator" value=":"/>
    <property name="os.version" value="10.13.6"/>
    <property name="java.endorsed.dirs" value="/Library/Java/JavaVirtualMachines/jdk1.8.0_161.jdk/Contents/Home/jre/lib/endorsed"/>
    <property name="java.runtime.name" value="Java(TM) SE Runtime Environment"/>
    <property name="file.encoding" value="UTF-8"/>
    <property name="java.vm.name" value="Java HotSpot(TM) 64-Bit Server VM"/>
    <property name="localRepository" value="/Users/tischer/.m2/repository"/>
    <property name="java.vendor.url.bug" value="http://bugreport.sun.com/bugreport/"/>
    <property name="java.io.tmpdir" value="/var/folders/91/6n93mtg108g6161n3sx_x33m0000gn/T/"/>
    <property name="idea.version" value="2017.3.4"/>
    <property name="java.version" value="1.8.0_161"/>
    <property name="user.dir" value="/Users/tischer/Documents/fiji-plugin-morphometry"/>
    <property name="os.arch" value="x86_64"/>
    <property name="java.vm.specification.name" value="Java Virtual Machine Specification"/>
    <property name="java.awt.printerjob" value="sun.lwawt.macosx.CPrinterJob"/>
    <property name="sun.os.patch.level" value="unknown"/>
    <property name="java.library.path" value="/Users/tischer/Library/Java/Extensions:/Library/Java/Extensions:/Network/Library/Java/Extensions:/System/Library/Java/Extensions:/usr/lib/java:."/>
    <property name="java.vm.info" value="mixed mode"/>
    <property name="java.vendor" value="Oracle Corporation"/>
    <property name="java.vm.version" value="25.161-b12"/>
    <property name="java.ext.dirs" value="/Users/tischer/Library/Java/Extensions:/Library/Java/JavaVirtualMachines/jdk1.8.0_161.jdk/Contents/Home/jre/lib/ext:/Library/Java/Extensions:/Network/Library/Java/Extensions:/System/Library/Java/Extensions:/usr/lib/java"/>
    <property name="sun.io.unicode.encoding" value="UnicodeBig"/>
    <property name="apple.awt.UIElement" value="true"/>
    <property name="java.class.version" value="52.0"/>
    <property name="socksNonProxyHosts" value="local|*.local|169.254/16|*.169.254/16"/>
  </properties>
</testsuite>